<?xml version='1.0' encoding='UTF-8'?>
<testsuite hostname="knoldus-Lenovo-Z51-70" name="com.knoldus.CurrencyConverterSpec" tests="12" errors="0" failures="0" skipped="0" time="0.033" timestamp="2020-02-10T13:58:11">
                     <properties>
      <property name="jline.esc.timeout" value="0"/><property name="jna.platform.library.path" value="/usr/lib/x86_64-linux-gnu:/lib/x86_64-linux-gnu:/lib64:/usr/lib:/lib"/><property name="java.runtime.name" value="OpenJDK Runtime Environment"/><property name="sun.boot.library.path" value="/home/knoldus/.sdkman/candidates/java/8.0.242-amzn/jre/lib/amd64"/><property name="java.vm.version" value="25.242-b07"/><property name="java.vm.vendor" value="Amazon.com Inc."/><property name="java.vendor.url" value="https://aws.amazon.com/corretto/"/><property name="path.separator" value=":"/><property name="jna.loaded" value="true"/><property name="java.vm.name" value="OpenJDK 64-Bit Server VM"/><property name="file.encoding.pkg" value="sun.io"/><property name="user.country" value="IN"/><property name="sun.java.launcher" value="SUN_STANDARD"/><property name="sun.os.patch.level" value="unknown"/><property name="jna.nosys" value="true"/><property name="java.vm.specification.name" value="Java Virtual Machine Specification"/><property name="user.dir" value="/home/knoldus/knoldus-assignments/Currency-coverter"/><property name="java.runtime.version" value="1.8.0_242-b07"/><property name="java.awt.graphicsenv" value="sun.awt.X11GraphicsEnvironment"/><property name="java.endorsed.dirs" value="/home/knoldus/.sdkman/candidates/java/8.0.242-amzn/jre/lib/endorsed"/><property name="os.arch" value="amd64"/><property name="java.io.tmpdir" value="/tmp"/><property name="line.separator" value="
"/><property name="java.vm.specification.vendor" value="Oracle Corporation"/><property name="log4j.ignoreTCL" value="true"/><property name="os.name" value="Linux"/><property name="sun.jnu.encoding" value="UTF-8"/><property name="jnidispatch.path" value="/tmp/jna--566319230/jna4370623742291484279.tmp"/><property name="java.library.path" value="/usr/java/packages/lib/amd64:/usr/lib64:/lib64:/lib:/usr/lib"/><property name="java.specification.name" value="Java Platform API Specification"/><property name="java.class.version" value="52.0"/><property name="sun.management.compiler" value="HotSpot 64-Bit Tiered Compilers"/><property name="os.version" value="4.15.0-76-generic"/><property name="swoval.tmpdir" value="/home/knoldus/.sbt/1.0"/><property name="user.home" value="/home/knoldus"/><property name="user.timezone" value="Asia/Kolkata"/><property name="java.awt.printerjob" value="sun.print.PSPrinterJob"/><property name="file.encoding" value="UTF-8"/><property name="java.specification.version" value="1.8"/><property name="java.class.path" value="/home/knoldus/.sdkman/candidates/sbt/current/bin/sbt-launch.jar"/><property name="user.name" value="knoldus"/><property name="jline.shutdownhook" value="false"/><property name="java.vm.specification.version" value="1.8"/><property name="sun.java.command" value="/home/knoldus/.sdkman/candidates/sbt/current/bin/sbt-launch.jar coverage test"/><property name="java.home" value="/home/knoldus/.sdkman/candidates/java/8.0.242-amzn/jre"/><property name="sun.arch.data.model" value="64"/><property name="user.language" value="en"/><property name="java.specification.vendor" value="Oracle Corporation"/><property name="awt.toolkit" value="sun.awt.X11.XToolkit"/><property name="java.vm.info" value="mixed mode"/><property name="java.version" value="1.8.0_242"/><property name="java.ext.dirs" value="/home/knoldus/.sdkman/candidates/java/8.0.242-amzn/jre/lib/ext:/usr/java/packages/lib/ext"/><property name="sun.boot.class.path" value="/home/knoldus/.sdkman/candidates/java/8.0.242-amzn/jre/lib/resources.jar:/home/knoldus/.sdkman/candidates/java/8.0.242-amzn/jre/lib/rt.jar:/home/knoldus/.sdkman/candidates/java/8.0.242-amzn/jre/lib/sunrsasign.jar:/home/knoldus/.sdkman/candidates/java/8.0.242-amzn/jre/lib/jsse.jar:/home/knoldus/.sdkman/candidates/java/8.0.242-amzn/jre/lib/jce.jar:/home/knoldus/.sdkman/candidates/java/8.0.242-amzn/jre/lib/charsets.jar:/home/knoldus/.sdkman/candidates/java/8.0.242-amzn/jre/lib/jfr.jar:/home/knoldus/.sdkman/candidates/java/8.0.242-amzn/jre/classes"/><property name="java.vendor" value="Amazon.com Inc."/><property name="file.separator" value="/"/><property name="java.vendor.url.bug" value="https://github.com/corretto/corretto-8/issues/"/><property name="sun.io.unicode.encoding" value="UnicodeLittle"/><property name="sun.cpu.endian" value="little"/><property name="sun.desktop" value="gnome"/><property name="sun.cpu.isalist" value=""/>
    </properties>
                     <testcase classname="com.knoldus.CurrencyConverterSpec" name="Converter method should return amount if current and future currency are same" time="0.025">
                                                 
                                               </testcase><testcase classname="com.knoldus.CurrencyConverterSpec" name="Converter method should return equivalent amount if converted to Dinar" time="0.001">
                                                 
                                               </testcase><testcase classname="com.knoldus.CurrencyConverterSpec" name="Converter method should return converted amount if converted to AUD" time="0.001">
                                                 
                                               </testcase><testcase classname="com.knoldus.CurrencyConverterSpec" name="Converter method should return converted amount if converted to USD" time="0.001">
                                                 
                                               </testcase><testcase classname="com.knoldus.CurrencyConverterSpec" name="Converter method should return converted amount if converted to EURO" time="0.0">
                                                 
                                               </testcase><testcase classname="com.knoldus.CurrencyConverterSpec" name="Converter method should return converted amount if converted to POUND" time="0.001">
                                                 
                                               </testcase><testcase classname="com.knoldus.CurrencyConverterSpec" name="Converter method should return converted amount if converted to SWISS" time="0.001">
                                                 
                                               </testcase><testcase classname="com.knoldus.CurrencyConverterSpec" name="Converter method should return converted amount if converted to yen" time="0.0">
                                                 
                                               </testcase><testcase classname="com.knoldus.CurrencyConverterSpec" name="Converter method should return converted amount if converted to CAD" time="0.001">
                                                 
                                               </testcase><testcase classname="com.knoldus.CurrencyConverterSpec" name="Converter method should return converted amount if converted to YUAN" time="0.001">
                                                 
                                               </testcase><testcase classname="com.knoldus.CurrencyConverterSpec" name="Converter method should return error of negative number" time="0.001">
                                                 
                                               </testcase><testcase classname="com.knoldus.CurrencyConverterSpec" name="Converter method should return error of currency converter not available" time="0.0">
                                                 
                                               </testcase>
                     <system-out><![CDATA[]]></system-out>
                     <system-err><![CDATA[]]></system-err>
                   </testsuite>